  [1m[35m (1046.1ms)[0m  [1m[35mCREATE DATABASE "tarea2_development" ENCODING = 'unicode'[0m
  ↳ /home/rvorellana/.rvm/gems/ruby-2.6.3/bin/rake:23
  [1m[35m (778.5ms)[0m  [1m[35mCREATE DATABASE "tarea2_test" ENCODING = 'unicode'[0m
  ↳ /home/rvorellana/.rvm/gems/ruby-2.6.3/bin/rake:23
Started GET "/" for ::1 at 2021-04-28 13:18:02 -0400
Processing by Rails::WelcomeController#index as HTML
  Rendering /home/rvorellana/.rvm/gems/ruby-2.6.3/gems/railties-5.2.5/lib/rails/templates/rails/welcome/index.html.erb
  Rendered /home/rvorellana/.rvm/gems/ruby-2.6.3/gems/railties-5.2.5/lib/rails/templates/rails/welcome/index.html.erb (29.0ms)
Completed 200 OK in 65ms (Views: 60.6ms | ActiveRecord: 0.0ms)


Started GET "/favicon.ico" for ::1 at 2021-04-28 13:18:02 -0400
  
ActionController::RoutingError (No route matches [GET] "/favicon.ico"):
  
actionpack (5.2.5) lib/action_dispatch/middleware/debug_exceptions.rb:65:in `call'
actionpack (5.2.5) lib/action_dispatch/middleware/show_exceptions.rb:33:in `call'
railties (5.2.5) lib/rails/rack/logger.rb:38:in `call_app'
railties (5.2.5) lib/rails/rack/logger.rb:26:in `block in call'
activesupport (5.2.5) lib/active_support/tagged_logging.rb:71:in `block in tagged'
activesupport (5.2.5) lib/active_support/tagged_logging.rb:28:in `tagged'
activesupport (5.2.5) lib/active_support/tagged_logging.rb:71:in `tagged'
railties (5.2.5) lib/rails/rack/logger.rb:26:in `call'
actionpack (5.2.5) lib/action_dispatch/middleware/remote_ip.rb:81:in `call'
actionpack (5.2.5) lib/action_dispatch/middleware/request_id.rb:27:in `call'
rack (2.2.3) lib/rack/runtime.rb:22:in `call'
activesupport (5.2.5) lib/active_support/cache/strategy/local_cache_middleware.rb:29:in `call'
actionpack (5.2.5) lib/action_dispatch/middleware/executor.rb:14:in `call'
actionpack (5.2.5) lib/action_dispatch/middleware/static.rb:127:in `call'
rack (2.2.3) lib/rack/sendfile.rb:110:in `call'
railties (5.2.5) lib/rails/engine.rb:524:in `call'
puma (3.12.6) lib/puma/configuration.rb:227:in `call'
puma (3.12.6) lib/puma/server.rb:706:in `handle_request'
puma (3.12.6) lib/puma/server.rb:476:in `process_client'
puma (3.12.6) lib/puma/server.rb:334:in `block in run'
puma (3.12.6) lib/puma/thread_pool.rb:135:in `block in spawn_thread'
  [1m[35m (22.6ms)[0m  [1m[35mCREATE TABLE "schema_migrations" ("version" character varying NOT NULL PRIMARY KEY)[0m
  ↳ /home/rvorellana/.rvm/gems/ruby-2.6.3/bin/rake:23
  [1m[35m (10.6ms)[0m  [1m[35mCREATE TABLE "ar_internal_metadata" ("key" character varying NOT NULL PRIMARY KEY, "value" character varying, "created_at" timestamp NOT NULL, "updated_at" timestamp NOT NULL)[0m
  ↳ /home/rvorellana/.rvm/gems/ruby-2.6.3/bin/rake:23
  [1m[35m (0.9ms)[0m  [1m[34mSELECT pg_try_advisory_lock(8119508980448988780)[0m
  ↳ /home/rvorellana/.rvm/gems/ruby-2.6.3/bin/rake:23
  [1m[35m (4.1ms)[0m  [1m[34mSELECT "schema_migrations"."version" FROM "schema_migrations" ORDER BY "schema_migrations"."version" ASC[0m
  ↳ /home/rvorellana/.rvm/gems/ruby-2.6.3/bin/rake:23
Migrating to CreateArtists (20210428173957)
  [1m[35m (0.4ms)[0m  [1m[35mBEGIN[0m
  ↳ /home/rvorellana/.rvm/gems/ruby-2.6.3/bin/rake:23
  [1m[35m (18.6ms)[0m  [1m[35mCREATE TABLE "artists" ("id" bigserial primary key, "eartist" character varying, "name" character varying, "age" character varying, "albums" character varying, "tracks" character varying, "self" character varying, "created_at" timestamp NOT NULL, "updated_at" timestamp NOT NULL)[0m
  ↳ db/migrate/20210428173957_create_artists.rb:3
  [1m[36mActiveRecord::SchemaMigration Create (1.2ms)[0m  [1m[32mINSERT INTO "schema_migrations" ("version") VALUES ($1) RETURNING "version"[0m  [["version", "20210428173957"]]
  ↳ /home/rvorellana/.rvm/gems/ruby-2.6.3/bin/rake:23
  [1m[35m (2.5ms)[0m  [1m[35mCOMMIT[0m
  ↳ /home/rvorellana/.rvm/gems/ruby-2.6.3/bin/rake:23
  [1m[36mActiveRecord::InternalMetadata Load (1.0ms)[0m  [1m[34mSELECT  "ar_internal_metadata".* FROM "ar_internal_metadata" WHERE "ar_internal_metadata"."key" = $1 LIMIT $2[0m  [["key", "environment"], ["LIMIT", 1]]
  ↳ /home/rvorellana/.rvm/gems/ruby-2.6.3/bin/rake:23
  [1m[35m (0.9ms)[0m  [1m[35mBEGIN[0m
  ↳ /home/rvorellana/.rvm/gems/ruby-2.6.3/bin/rake:23
  [1m[36mActiveRecord::InternalMetadata Create (1.7ms)[0m  [1m[32mINSERT INTO "ar_internal_metadata" ("key", "value", "created_at", "updated_at") VALUES ($1, $2, $3, $4) RETURNING "key"[0m  [["key", "environment"], ["value", "development"], ["created_at", "2021-04-28 17:43:52.942263"], ["updated_at", "2021-04-28 17:43:52.942263"]]
  ↳ /home/rvorellana/.rvm/gems/ruby-2.6.3/bin/rake:23
  [1m[35m (2.9ms)[0m  [1m[35mCOMMIT[0m
  ↳ /home/rvorellana/.rvm/gems/ruby-2.6.3/bin/rake:23
  [1m[35m (0.5ms)[0m  [1m[34mSELECT pg_advisory_unlock(8119508980448988780)[0m
  ↳ /home/rvorellana/.rvm/gems/ruby-2.6.3/bin/rake:23
  [1m[35m (0.6ms)[0m  [1m[34mSELECT "schema_migrations"."version" FROM "schema_migrations" ORDER BY "schema_migrations"."version" ASC[0m
  ↳ /home/rvorellana/.rvm/gems/ruby-2.6.3/bin/rake:23
  [1m[35m (1.2ms)[0m  [1m[34mSELECT "schema_migrations"."version" FROM "schema_migrations" ORDER BY "schema_migrations"."version" ASC[0m
  ↳ /home/rvorellana/.rvm/gems/ruby-2.6.3/bin/rake:23
  [1m[35m (0.5ms)[0m  [1m[34mSELECT "schema_migrations"."version" FROM "schema_migrations" ORDER BY "schema_migrations"."version" ASC[0m
  ↳ /home/rvorellana/.rvm/gems/ruby-2.6.3/bin/rake:23
  [1m[35m (0.8ms)[0m  [1m[34mSELECT "schema_migrations"."version" FROM "schema_migrations" ORDER BY "schema_migrations"."version" ASC[0m
  ↳ /home/rvorellana/.rvm/gems/ruby-2.6.3/bin/rake:23
  [1m[35m (1.0ms)[0m  [1m[34mSELECT pg_try_advisory_lock(8119508980448988780)[0m
  ↳ /home/rvorellana/.rvm/gems/ruby-2.6.3/bin/rake:23
  [1m[35m (0.9ms)[0m  [1m[34mSELECT "schema_migrations"."version" FROM "schema_migrations" ORDER BY "schema_migrations"."version" ASC[0m
  ↳ /home/rvorellana/.rvm/gems/ruby-2.6.3/bin/rake:23
Migrating to CreateArtists (20210428173957)
  [1m[35m (0.4ms)[0m  [1m[35mBEGIN[0m
  ↳ /home/rvorellana/.rvm/gems/ruby-2.6.3/bin/rake:23
  [1m[35m (4.1ms)[0m  [1m[35mDROP TABLE "artists"[0m
  ↳ /home/rvorellana/.rvm/gems/ruby-2.6.3/bin/rake:23
  [1m[36mActiveRecord::SchemaMigration Destroy (1.2ms)[0m  [1m[31mDELETE FROM "schema_migrations" WHERE "schema_migrations"."version" = $1[0m  [["version", "20210428173957"]]
  ↳ /home/rvorellana/.rvm/gems/ruby-2.6.3/bin/rake:23
  [1m[35m (8.3ms)[0m  [1m[35mCOMMIT[0m
  ↳ /home/rvorellana/.rvm/gems/ruby-2.6.3/bin/rake:23
  [1m[35m (0.6ms)[0m  [1m[34mSELECT pg_advisory_unlock(8119508980448988780)[0m
  ↳ /home/rvorellana/.rvm/gems/ruby-2.6.3/bin/rake:23
  [1m[35m (1.3ms)[0m  [1m[34mSELECT "schema_migrations"."version" FROM "schema_migrations" ORDER BY "schema_migrations"."version" ASC[0m
  ↳ /home/rvorellana/.rvm/gems/ruby-2.6.3/bin/rake:23
  [1m[35m (0.4ms)[0m  [1m[34mSELECT pg_try_advisory_lock(8119508980448988780)[0m
  ↳ /home/rvorellana/.rvm/gems/ruby-2.6.3/bin/rake:23
  [1m[35m (1.6ms)[0m  [1m[34mSELECT "schema_migrations"."version" FROM "schema_migrations" ORDER BY "schema_migrations"."version" ASC[0m
  ↳ /home/rvorellana/.rvm/gems/ruby-2.6.3/bin/rake:23
Migrating to CreateArtists (20210428173957)
  [1m[35m (0.5ms)[0m  [1m[35mBEGIN[0m
  ↳ /home/rvorellana/.rvm/gems/ruby-2.6.3/bin/rake:23
  [1m[35m (20.5ms)[0m  [1m[35mCREATE TABLE "artists" ("id" bigserial primary key, "eartist" character varying, "name" character varying, "age" integer, "albums" character varying, "tracks" character varying, "self" character varying, "created_at" timestamp NOT NULL, "updated_at" timestamp NOT NULL)[0m
  ↳ db/migrate/20210428173957_create_artists.rb:3
  [1m[36mActiveRecord::SchemaMigration Create (2.1ms)[0m  [1m[32mINSERT INTO "schema_migrations" ("version") VALUES ($1) RETURNING "version"[0m  [["version", "20210428173957"]]
  ↳ /home/rvorellana/.rvm/gems/ruby-2.6.3/bin/rake:23
  [1m[35m (2.7ms)[0m  [1m[35mCOMMIT[0m
  ↳ /home/rvorellana/.rvm/gems/ruby-2.6.3/bin/rake:23
  [1m[36mActiveRecord::InternalMetadata Load (1.0ms)[0m  [1m[34mSELECT  "ar_internal_metadata".* FROM "ar_internal_metadata" WHERE "ar_internal_metadata"."key" = $1 LIMIT $2[0m  [["key", "environment"], ["LIMIT", 1]]
  ↳ /home/rvorellana/.rvm/gems/ruby-2.6.3/bin/rake:23
  [1m[35m (0.6ms)[0m  [1m[35mBEGIN[0m
  ↳ /home/rvorellana/.rvm/gems/ruby-2.6.3/bin/rake:23
  [1m[35m (0.7ms)[0m  [1m[35mCOMMIT[0m
  ↳ /home/rvorellana/.rvm/gems/ruby-2.6.3/bin/rake:23
  [1m[35m (1.0ms)[0m  [1m[34mSELECT pg_advisory_unlock(8119508980448988780)[0m
  ↳ /home/rvorellana/.rvm/gems/ruby-2.6.3/bin/rake:23
  [1m[35m (0.7ms)[0m  [1m[34mSELECT "schema_migrations"."version" FROM "schema_migrations" ORDER BY "schema_migrations"."version" ASC[0m
  ↳ /home/rvorellana/.rvm/gems/ruby-2.6.3/bin/rake:23
Started GET "/" for ::1 at 2021-04-28 13:46:21 -0400
  [1m[35m (1.5ms)[0m  [1m[34mSELECT "schema_migrations"."version" FROM "schema_migrations" ORDER BY "schema_migrations"."version" ASC[0m
  ↳ /home/rvorellana/.rvm/gems/ruby-2.6.3/gems/activerecord-5.2.5/lib/active_record/log_subscriber.rb:98
Processing by Rails::WelcomeController#index as HTML
  Rendering /home/rvorellana/.rvm/gems/ruby-2.6.3/gems/railties-5.2.5/lib/rails/templates/rails/welcome/index.html.erb
  Rendered /home/rvorellana/.rvm/gems/ruby-2.6.3/gems/railties-5.2.5/lib/rails/templates/rails/welcome/index.html.erb (1.9ms)
Completed 200 OK in 5ms (Views: 3.9ms | ActiveRecord: 0.0ms)


Started GET "/" for ::1 at 2021-04-28 13:57:41 -0400
Processing by Rails::WelcomeController#index as HTML
  Rendering /home/rvorellana/.rvm/gems/ruby-2.6.3/gems/railties-5.2.5/lib/rails/templates/rails/welcome/index.html.erb
  Rendered /home/rvorellana/.rvm/gems/ruby-2.6.3/gems/railties-5.2.5/lib/rails/templates/rails/welcome/index.html.erb (2.9ms)
Completed 200 OK in 7ms (Views: 5.4ms | ActiveRecord: 0.0ms)


Started POST "/artists" for ::1 at 2021-04-28 14:26:49 -0400
  
SyntaxError (/mnt/d/Desktop/2021-1/Taller de integración/Tarea 2/tarea2/app/controllers/artists_controller.rb:11: syntax error, unexpected tSYMBEG, expecting do or '{' or '('
...   render json: params, stats :created
...                              ^):
  
app/controllers/artists_controller.rb:11: syntax error, unexpected tSYMBEG, expecting do or '{' or '('
Started POST "/artists" for ::1 at 2021-04-28 14:27:50 -0400
Processing by ArtistsController#create as */*
Completed 201 Created in 1ms (Views: 0.2ms | ActiveRecord: 0.0ms)


Started POST "/artists" for ::1 at 2021-04-28 14:28:17 -0400
Processing by ArtistsController#create as */*
Completed 201 Created in 1ms (Views: 0.2ms | ActiveRecord: 0.0ms)


Started POST "/artists" for ::1 at 2021-04-28 14:28:18 -0400
Processing by ArtistsController#create as */*
Completed 201 Created in 0ms (Views: 0.1ms | ActiveRecord: 0.0ms)


Started POST "/artists" for ::1 at 2021-04-28 14:29:20 -0400
Processing by ArtistsController#create as */*
Completed 201 Created in 0ms (Views: 0.2ms | ActiveRecord: 0.0ms)


Started POST "/artists" for ::1 at 2021-04-28 14:29:22 -0400
Processing by ArtistsController#create as */*
Completed 201 Created in 0ms (Views: 0.1ms | ActiveRecord: 0.0ms)


Started POST "/artists" for ::1 at 2021-04-28 14:30:06 -0400
Processing by ArtistsController#create as */*
Completed 201 Created in 0ms (Views: 0.1ms | ActiveRecord: 0.0ms)


Started POST "/artists" for ::1 at 2021-04-28 14:30:19 -0400
Processing by ArtistsController#create as */*
  Parameters: {"name"=>"chuen", "artist"=>{"name"=>"chuen"}}
Completed 201 Created in 1ms (Views: 0.2ms | ActiveRecord: 10.3ms)


  [1m[35m (692.8ms)[0m  [1m[35mCREATE DATABASE "tarea22_development" ENCODING = 'unicode'[0m
  ↳ /home/rvorellana/.rvm/gems/ruby-2.6.3/bin/rake:23
  [1m[35m (800.6ms)[0m  [1m[35mCREATE DATABASE "tarea22_test" ENCODING = 'unicode'[0m
  ↳ /home/rvorellana/.rvm/gems/ruby-2.6.3/bin/rake:23
  [1m[35m (17.8ms)[0m  [1m[35mCREATE TABLE "schema_migrations" ("version" character varying NOT NULL PRIMARY KEY)[0m
  ↳ /home/rvorellana/.rvm/gems/ruby-2.6.3/bin/rake:23
  [1m[35m (9.8ms)[0m  [1m[35mCREATE TABLE "ar_internal_metadata" ("key" character varying NOT NULL PRIMARY KEY, "value" character varying, "created_at" timestamp NOT NULL, "updated_at" timestamp NOT NULL)[0m
  ↳ /home/rvorellana/.rvm/gems/ruby-2.6.3/bin/rake:23
  [1m[35m (0.5ms)[0m  [1m[34mSELECT pg_try_advisory_lock(4521883091875854810)[0m
  ↳ /home/rvorellana/.rvm/gems/ruby-2.6.3/bin/rake:23
  [1m[35m (1.3ms)[0m  [1m[34mSELECT "schema_migrations"."version" FROM "schema_migrations" ORDER BY "schema_migrations"."version" ASC[0m
  ↳ /home/rvorellana/.rvm/gems/ruby-2.6.3/bin/rake:23
Migrating to CreateArtists (20210428173957)
  [1m[35m (0.5ms)[0m  [1m[35mBEGIN[0m
  ↳ /home/rvorellana/.rvm/gems/ruby-2.6.3/bin/rake:23
  [1m[35m (18.0ms)[0m  [1m[35mCREATE TABLE "artists" ("id" bigserial primary key, "eartist" character varying, "name" character varying, "age" integer, "albums" character varying, "tracks" character varying, "self" character varying, "created_at" timestamp NOT NULL, "updated_at" timestamp NOT NULL)[0m
  ↳ db/migrate/20210428173957_create_artists.rb:3
  [1m[36mActiveRecord::SchemaMigration Create (1.4ms)[0m  [1m[32mINSERT INTO "schema_migrations" ("version") VALUES ($1) RETURNING "version"[0m  [["version", "20210428173957"]]
  ↳ /home/rvorellana/.rvm/gems/ruby-2.6.3/bin/rake:23
  [1m[35m (3.5ms)[0m  [1m[35mCOMMIT[0m
  ↳ /home/rvorellana/.rvm/gems/ruby-2.6.3/bin/rake:23
  [1m[36mActiveRecord::InternalMetadata Load (1.1ms)[0m  [1m[34mSELECT  "ar_internal_metadata".* FROM "ar_internal_metadata" WHERE "ar_internal_metadata"."key" = $1 LIMIT $2[0m  [["key", "environment"], ["LIMIT", 1]]
  ↳ /home/rvorellana/.rvm/gems/ruby-2.6.3/bin/rake:23
  [1m[35m (0.5ms)[0m  [1m[35mBEGIN[0m
  ↳ /home/rvorellana/.rvm/gems/ruby-2.6.3/bin/rake:23
  [1m[36mActiveRecord::InternalMetadata Create (1.4ms)[0m  [1m[32mINSERT INTO "ar_internal_metadata" ("key", "value", "created_at", "updated_at") VALUES ($1, $2, $3, $4) RETURNING "key"[0m  [["key", "environment"], ["value", "development"], ["created_at", "2021-04-28 18:39:58.001150"], ["updated_at", "2021-04-28 18:39:58.001150"]]
  ↳ /home/rvorellana/.rvm/gems/ruby-2.6.3/bin/rake:23
  [1m[35m (3.4ms)[0m  [1m[35mCOMMIT[0m
  ↳ /home/rvorellana/.rvm/gems/ruby-2.6.3/bin/rake:23
  [1m[35m (0.5ms)[0m  [1m[34mSELECT pg_advisory_unlock(4521883091875854810)[0m
  ↳ /home/rvorellana/.rvm/gems/ruby-2.6.3/bin/rake:23
  [1m[35m (0.6ms)[0m  [1m[34mSELECT "schema_migrations"."version" FROM "schema_migrations" ORDER BY "schema_migrations"."version" ASC[0m
  ↳ /home/rvorellana/.rvm/gems/ruby-2.6.3/bin/rake:23
